#
# A fatal error has been detected by the Java Runtime Environment:
#
#  EXCEPTION_ACCESS_VIOLATION (0xc0000005) at pc=0x00000000654f4be2, pid=3304, tid=3336
#
# JRE version: Java(TM) SE Runtime Environment (8.0-b132) (build 1.8.0-b132)
# Java VM: Java HotSpot(TM) 64-Bit Server VM (25.0-b70 mixed mode windows-amd64 compressed oops)
# Problematic frame:
# V  [jvm.dll+0x424be2]
#
# Failed to write core dump. Minidumps are not enabled by default on client versions of Windows
#
# If you would like to submit a bug report, please visit:
#   http://bugreport.sun.com/bugreport/crash.jsp
#

---------------  T H R E A D  ---------------

Current thread (0x000000001578a800):  JavaThread "C2 CompilerThread0" daemon [_thread_in_native, id=3336, stack(0x0000000015b20000,0x0000000015c20000)]

siginfo: ExceptionCode=0xc0000005, reading address 0x0000000000000000

Registers:
RAX=0x0000000017753778, RBX=0x0000000000000600, RCX=0x0000000000000000, RDX=0x000000001b480a60
RSP=0x0000000015c1c650, RBP=0x00000000000000c0, RSI=0x00000000000000b8, RDI=0x0000000000000000
R8 =0x00000000650d0000, R9 =0x0000000015c1c970, R10=0x00000000ffffffff, R11=0x00000000157c8700
R12=0x0000000017753e80, R13=0x000000001b3264c0, R14=0x0000000000000008, R15=0x000000001b3264c0
RIP=0x00000000654f4be2, EFLAGS=0x0000000000010206

Top of Stack: (sp=0x0000000015c1c650)
0x0000000015c1c650:   00000000000000da 000000001b47c9b0
0x0000000015c1c660:   0000000000000020 0000000000007fd8
0x0000000015c1c670:   0000000000000001 0000000000000600
0x0000000015c1c680:   0000000000000180 00000000000000c0
0x0000000015c1c690:   0000000019201b00 00000000157b62e0
0x0000000015c1c6a0:   00000000000006a0 000000001b47c9b0
0x0000000015c1c6b0:   0000000015c1c970 0000000017751240
0x0000000015c1c6c0:   0000000000000020 0000000000000008
0x0000000015c1c6d0:   0000000017753e50 00000000000000da
0x0000000015c1c6e0:   000000001b3264c0 00000000654f57bd
0x0000000015c1c6f0:   0000000017753e50 000000000000001c
0x0000000015c1c700:   00000000000000da 0000000015c1c970
0x0000000015c1c710:   000000001b480a60 00000000000000da
0x0000000015c1c720:   0000000017751240 0000000000000020
0x0000000015c1c730:   0000000015ad2578 0000000015c1ece0
0x0000000015c1c740:   0000000015ad2428 0000000017753e50 

Instructions: (pc=0x00000000654f4be2)
0x00000000654f4bc2:   c6 48 63 f0 48 03 f1 eb 04 48 83 ce ff 48 8b 84
0x00000000654f4bd2:   24 a0 00 00 00 48 8b 40 08 48 8b 3c 03 48 8b cf
0x00000000654f4be2:   48 8b 07 ff 50 28 4c 8d 05 11 b4 bd ff 48 63 50
0x00000000654f4bf2:   10 4c 8b d8 48 8b ca 48 c1 e1 05 42 80 bc 01 c0 


Register to memory mapping:

RAX=0x0000000017753778 is an unknown value
RBX=0x0000000000000600 is an unknown value
RCX=0x0000000000000000 is an unknown value
RDX=0x000000001b480a60 is an unknown value
RSP=0x0000000015c1c650 is pointing into the stack for thread: 0x000000001578a800
RBP=0x00000000000000c0 is an unknown value
RSI=0x00000000000000b8 is an unknown value
RDI=0x0000000000000000 is an unknown value
R8 =0x00000000650d0000 is an unknown value
R9 =0x0000000015c1c970 is pointing into the stack for thread: 0x000000001578a800
R10=0x00000000ffffffff is an unknown value
R11=0x00000000157c8700 is an unknown value
R12=0x0000000017753e80 is an unknown value
R13=0x000000001b3264c0 is an unknown value
R14=0x0000000000000008 is an unknown value
R15=0x000000001b3264c0 is an unknown value


Stack: [0x0000000015b20000,0x0000000015c20000],  sp=0x0000000015c1c650,  free space=1009k
Native frames: (J=compiled Java code, j=interpreted, Vv=VM code, C=native code)
V  [jvm.dll+0x424be2]
V  [jvm.dll+0x4257bd]
V  [jvm.dll+0x425cff]
V  [jvm.dll+0x4c5844]
V  [jvm.dll+0x44125c]
V  [jvm.dll+0x4436c9]
V  [jvm.dll+0x427552]
V  [jvm.dll+0x96732]
V  [jvm.dll+0x96f23]
V  [jvm.dll+0x2232e4]
V  [jvm.dll+0x27baea]
C  [msvcr100.dll+0x21d9f]
C  [msvcr100.dll+0x21e3b]
C  [KERNEL32.DLL+0x13d2]
C  [ntdll.dll+0x15444]


Current CompileTask:
C2: 124339 6623       4       groovy.lang.MetaClassImpl::findPropertyMethod (356 bytes)


---------------  P R O C E S S  ---------------

Java Threads: ( => current thread )
  0x0000000017295800 JavaThread "restorator.auth.Authority.data" daemon [_thread_blocked, id=7108, stack(0x000000001d400000,0x000000001d500000)]
  0x0000000017291000 JavaThread "net.sf.ehcache.CacheManager@4b7b635b" daemon [_thread_blocked, id=3796, stack(0x000000001cf00000,0x000000001d000000)]
  0x0000000017291800 JavaThread "Abandoned connection cleanup thread" daemon [_thread_blocked, id=144, stack(0x000000001c510000,0x000000001c610000)]
  0x000000001728f800 JavaThread "PoolCleaner[778720569:1430560862333]" daemon [_thread_blocked, id=6416, stack(0x000000001aa30000,0x000000001ab30000)]
  0x0000000017696000 JavaThread "FileSystemWatcher: files=#217 cl=groovy.lang.GroovyClassLoader@2e6a5539" daemon [_thread_in_native, id=1080, stack(0x000000001a330000,0x000000001a430000)]
  0x0000000017d1d800 JavaThread "localhost-startStop-1" daemon [_thread_in_native, id=1324, stack(0x0000000019d80000,0x0000000019e80000)]
  0x0000000017d1d000 JavaThread "Tomcat-startStop-1" daemon [_thread_blocked, id=4736, stack(0x0000000019c80000,0x0000000019d80000)]
  0x0000000016ec5000 JavaThread "Thread-3" [_thread_in_native, id=5288, stack(0x0000000019980000,0x0000000019a80000)]
  0x00000000174e5800 JavaThread "Thread-2" [_thread_blocked, id=4484, stack(0x0000000019480000,0x0000000019580000)]
  0x0000000015824000 JavaThread "NonBlockingInputStreamThread" daemon [_thread_blocked, id=5688, stack(0x0000000016cf0000,0x0000000016df0000)]
  0x00000000158b1000 JavaThread "Service Thread" daemon [_thread_blocked, id=3024, stack(0x0000000015d20000,0x0000000015e20000)]
  0x000000001578b000 JavaThread "C1 CompilerThread1" daemon [_thread_blocked, id=6208, stack(0x0000000015c20000,0x0000000015d20000)]
=>0x000000001578a800 JavaThread "C2 CompilerThread0" daemon [_thread_in_native, id=3336, stack(0x0000000015b20000,0x0000000015c20000)]
  0x00000000147db000 JavaThread "Attach Listener" daemon [_thread_blocked, id=4964, stack(0x0000000015620000,0x0000000015720000)]
  0x00000000147da000 JavaThread "Signal Dispatcher" daemon [_thread_blocked, id=6976, stack(0x0000000015520000,0x0000000015620000)]
  0x0000000002ca3800 JavaThread "Finalizer" daemon [_thread_blocked, id=7136, stack(0x0000000015420000,0x0000000015520000)]
  0x0000000002c9a800 JavaThread "Reference Handler" daemon [_thread_blocked, id=5380, stack(0x0000000015320000,0x0000000015420000)]
  0x0000000002bb3000 JavaThread "main" [_thread_blocked, id=1888, stack(0x00000000029b0000,0x0000000002ab0000)]

Other Threads:
  0x00000000147a6800 VMThread [stack: 0x0000000015220000,0x0000000015320000] [id=368]
  0x00000000158a1000 WatcherThread [stack: 0x0000000015e20000,0x0000000015f20000] [id=832]

VM state:not at safepoint (normal execution)

VM Mutex/Monitor currently owned by a thread: None

Heap:
 PSYoungGen      total 219136K, used 97747K [0x00000000f0000000, 0x0000000100000000, 0x0000000100000000)
  eden space 199680K, 39% used [0x00000000f0000000,0x00000000f4ce2a10,0x00000000fc300000)
  from space 19456K, 97% used [0x00000000fc300000,0x00000000fd592268,0x00000000fd600000)
  to   space 31744K, 0% used [0x00000000fe100000,0x00000000fe100000,0x0000000100000000)
 ParOldGen       total 121856K, used 110919K [0x00000000d0000000, 0x00000000d7700000, 0x00000000f0000000)
  object space 121856K, 91% used [0x00000000d0000000,0x00000000d6c51e48,0x00000000d7700000)
 Metaspace       used 70790K, capacity 72884K, committed 73216K, reserved 1114112K
  class space    used 7952K, capacity 8616K, committed 8704K, reserved 1048576K

Card table byte_map: [0x0000000012070000,0x0000000012200000] byte_map_base: 0x00000000119f0000

Marking Bits: (ParMarkBitMap*) 0x00000000658813b0
 Begin Bits: [0x0000000012500000, 0x0000000013100000)
 End Bits:   [0x0000000013100000, 0x0000000013d00000)

Polling page: 0x00000000010a0000

CodeCache: size=245760Kb used=22341Kb max_used=22341Kb free=223418Kb
 bounds [0x0000000002cb0000, 0x00000000042a0000, 0x0000000011cb0000]
 total_blobs=6654 nmethods=5872 adapters=693
 compilation: enabled

Compilation events (10 events):
Event: 123.094 Thread 0x000000001578b000 nmethod 6967 0x00000000038ab850 code [0x00000000038ab9c0, 0x00000000038abb48]
Event: 123.094 Thread 0x000000001578b000 6969       3       org.springframework.asm.Type::getDescriptor (214 bytes)
Event: 123.096 Thread 0x000000001578b000 nmethod 6969 0x0000000003eee090 code [0x0000000003eee3a0, 0x0000000003eefc58]
Event: 123.096 Thread 0x000000001578b000 6972       3       org.springframework.asm.ByteVector::putUTF8 (142 bytes)
Event: 123.097 Thread 0x000000001578b000 nmethod 6972 0x0000000003eed290 code [0x0000000003eed460, 0x0000000003eedc18]
Event: 123.097 Thread 0x000000001578b000 6963       2       org.springframework.cglib.core.MethodWrapper$MethodWrapperKey$$KeyFactoryByCGLIB$$552be97a::newInstance (11 bytes)
Event: 123.097 Thread 0x000000001578b000 nmethod 6963 0x0000000003eece90 code [0x0000000003eecfe0, 0x0000000003eed1b0]
Event: 123.097 Thread 0x000000001578b000 6966       2       org.springframework.cglib.core.EmitUtils$5::transform (12 bytes)
Event: 123.097 Thread 0x000000001578b000 nmethod 6966 0x0000000003eeca90 code [0x0000000003eecc00, 0x0000000003eecdc8]
Event: 123.097 Thread 0x000000001578b000 6971       2       org.springframework.asm.ClassWriter::newNameTypeItem (71 bytes)

GC Heap History (10 events):
Event: 110.530 GC heap before
{Heap before GC invocations=59 (full 7):
 PSYoungGen      total 234496K, used 234220K [0x00000000f0000000, 0x0000000100000000, 0x0000000100000000)
  eden space 220160K, 100% used [0x00000000f0000000,0x00000000fd700000,0x00000000fd700000)
  from space 14336K, 98% used [0x00000000fd700000,0x00000000fe4bb3c0,0x00000000fe500000)
  to   space 22016K, 0% used [0x00000000fea80000,0x00000000fea80000,0x0000000100000000)
 ParOldGen       total 105472K, used 91508K [0x00000000d0000000, 0x00000000d6700000, 0x00000000f0000000)
  object space 105472K, 86% used [0x00000000d0000000,0x00000000d595d3e0,0x00000000d6700000)
 Metaspace       used 64658K, capacity 66296K, committed 66816K, reserved 1107968K
  class space    used 7075K, capacity 7563K, committed 7680K, reserved 1048576K
Event: 110.628 GC heap after
Heap after GC invocations=59 (full 7):
 PSYoungGen      total 231936K, used 22011K [0x00000000f0000000, 0x0000000100000000, 0x0000000100000000)
  eden space 209920K, 0% used [0x00000000f0000000,0x00000000f0000000,0x00000000fcd00000)
  from space 22016K, 99% used [0x00000000fea80000,0x00000000ffffee58,0x0000000100000000)
  to   space 26112K, 0% used [0x00000000fcd00000,0x00000000fcd00000,0x00000000fe680000)
 ParOldGen       total 105472K, used 92515K [0x00000000d0000000, 0x00000000d6700000, 0x00000000f0000000)
  object space 105472K, 87% used [0x00000000d0000000,0x00000000d5a58e28,0x00000000d6700000)
 Metaspace       used 64658K, capacity 66296K, committed 66816K, reserved 1107968K
  class space    used 7075K, capacity 7563K, committed 7680K, reserved 1048576K
}
Event: 113.145 GC heap before
{Heap before GC invocations=60 (full 7):
 PSYoungGen      total 231936K, used 231931K [0x00000000f0000000, 0x0000000100000000, 0x0000000100000000)
  eden space 209920K, 100% used [0x00000000f0000000,0x00000000fcd00000,0x00000000fcd00000)
  from space 22016K, 99% used [0x00000000fea80000,0x00000000ffffee58,0x0000000100000000)
  to   space 26112K, 0% used [0x00000000fcd00000,0x00000000fcd00000,0x00000000fe680000)
 ParOldGen       total 105472K, used 92515K [0x00000000d0000000, 0x00000000d6700000, 0x00000000f0000000)
  object space 105472K, 87% used [0x00000000d0000000,0x00000000d5a58e28,0x00000000d6700000)
 Metaspace       used 66003K, capacity 67794K, committed 67968K, reserved 1110016K
  class space    used 7261K, capacity 7743K, committed 7808K, reserved 1048576K
Event: 113.275 GC heap after
Heap after GC invocations=60 (full 7):
 PSYoungGen      total 236032K, used 26095K [0x00000000f0000000, 0x0000000100000000, 0x0000000100000000)
  eden space 209920K, 0% used [0x00000000f0000000,0x00000000f0000000,0x00000000fcd00000)
  from space 26112K, 99% used [0x00000000fcd00000,0x00000000fe67bd30,0x00000000fe680000)
  to   space 26112K, 0% used [0x00000000fe680000,0x00000000fe680000,0x0000000100000000)
 ParOldGen       total 105472K, used 96924K [0x00000000d0000000, 0x00000000d6700000, 0x00000000f0000000)
  object space 105472K, 91% used [0x00000000d0000000,0x00000000d5ea70f0,0x00000000d6700000)
 Metaspace       used 66003K, capacity 67794K, committed 67968K, reserved 1110016K
  class space    used 7261K, capacity 7743K, committed 7808K, reserved 1048576K
}
Event: 113.275 GC heap before
{Heap before GC invocations=61 (full 8):
 PSYoungGen      total 236032K, used 26095K [0x00000000f0000000, 0x0000000100000000, 0x0000000100000000)
  eden space 209920K, 0% used [0x00000000f0000000,0x00000000f0000000,0x00000000fcd00000)
  from space 26112K, 99% used [0x00000000fcd00000,0x00000000fe67bd30,0x00000000fe680000)
  to   space 26112K, 0% used [0x00000000fe680000,0x00000000fe680000,0x0000000100000000)
 ParOldGen       total 105472K, used 96924K [0x00000000d0000000, 0x00000000d6700000, 0x00000000f0000000)
  object space 105472K, 91% used [0x00000000d0000000,0x00000000d5ea70f0,0x00000000d6700000)
 Metaspace       used 66003K, capacity 67794K, committed 67968K, reserved 1110016K
  class space    used 7261K, capacity 7743K, committed 7808K, reserved 1048576K
Event: 115.119 GC heap after
Heap after GC invocations=61 (full 8):
 PSYoungGen      total 236032K, used 15636K [0x00000000f0000000, 0x0000000100000000, 0x0000000100000000)
  eden space 209920K, 0% used [0x00000000f0000000,0x00000000f0000000,0x00000000fcd00000)
  from space 26112K, 59% used [0x00000000fcd00000,0x00000000fdc45120,0x00000000fe680000)
  to   space 26112K, 0% used [0x00000000fe680000,0x00000000fe680000,0x0000000100000000)
 ParOldGen       total 121856K, used 105139K [0x00000000d0000000, 0x00000000d7700000, 0x00000000f0000000)
  object space 121856K, 86% used [0x00000000d0000000,0x00000000d66acf70,0x00000000d7700000)
 Metaspace       used 65999K, capacity 67788K, committed 67968K, reserved 1110016K
  class space    used 7261K, capacity 7742K, committed 7808K, reserved 1048576K
}
Event: 117.658 GC heap before
{Heap before GC invocations=62 (full 8):
 PSYoungGen      total 236032K, used 217198K [0x00000000f0000000, 0x0000000100000000, 0x0000000100000000)
  eden space 209920K, 96% used [0x00000000f0000000,0x00000000fc4d6aa8,0x00000000fcd00000)
  from space 26112K, 59% used [0x00000000fcd00000,0x00000000fdc45120,0x00000000fe680000)
  to   space 26112K, 0% used [0x00000000fe680000,0x00000000fe680000,0x0000000100000000)
 ParOldGen       total 121856K, used 105139K [0x00000000d0000000, 0x00000000d7700000, 0x00000000f0000000)
  object space 121856K, 86% used [0x00000000d0000000,0x00000000d66acf70,0x00000000d7700000)
 Metaspace       used 67397K, capacity 69172K, committed 69248K, reserved 1110016K
  class space    used 7503K, capacity 8007K, committed 8064K, reserved 1048576K
Event: 117.849 GC heap after
Heap after GC invocations=62 (full 8):
 PSYoungGen      total 225792K, used 14366K [0x00000000f0000000, 0x0000000100000000, 0x0000000100000000)
  eden space 199680K, 0% used [0x00000000f0000000,0x00000000f0000000,0x00000000fc300000)
  from space 26112K, 55% used [0x00000000fe680000,0x00000000ff487880,0x0000000100000000)
  to   space 31232K, 0% used [0x00000000fc300000,0x00000000fc300000,0x00000000fe180000)
 ParOldGen       total 121856K, used 110911K [0x00000000d0000000, 0x00000000d7700000, 0x00000000f0000000)
  object space 121856K, 91% used [0x00000000d0000000,0x00000000d6c4fe48,0x00000000d7700000)
 Metaspace       used 67397K, capacity 69172K, committed 69248K, reserved 1110016K
  class space    used 7503K, capacity 8007K, committed 8064K, reserved 1048576K
}
Event: 122.256 GC heap before
{Heap before GC invocations=63 (full 8):
 PSYoungGen      total 225792K, used 214046K [0x00000000f0000000, 0x0000000100000000, 0x0000000100000000)
  eden space 199680K, 100% used [0x00000000f0000000,0x00000000fc300000,0x00000000fc300000)
  from space 26112K, 55% used [0x00000000fe680000,0x00000000ff487880,0x0000000100000000)
  to   space 31232K, 0% used [0x00000000fc300000,0x00000000fc300000,0x00000000fe180000)
 ParOldGen       total 121856K, used 110911K [0x00000000d0000000, 0x00000000d7700000, 0x00000000f0000000)
  object space 121856K, 91% used [0x00000000d0000000,0x00000000d6c4fe48,0x00000000d7700000)
 Metaspace       used 69824K, capacity 71678K, committed 71936K, reserved 1112064K
  class space    used 7809K, capacity 8398K, committed 8448K, reserved 1048576K
Event: 122.352 GC heap after
Heap after GC invocations=63 (full 8):
 PSYoungGen      total 219136K, used 19016K [0x00000000f0000000, 0x0000000100000000, 0x0000000100000000)
  eden space 199680K, 0% used [0x00000000f0000000,0x00000000f0000000,0x00000000fc300000)
  from space 19456K, 97% used [0x00000000fc300000,0x00000000fd592268,0x00000000fd600000)
  to   space 31744K, 0% used [0x00000000fe100000,0x00000000fe100000,0x0000000100000000)
 ParOldGen       total 121856K, used 110919K [0x00000000d0000000, 0x00000000d7700000, 0x00000000f0000000)
  object space 121856K, 91% used [0x00000000d0000000,0x00000000d6c51e48,0x00000000d7700000)
 Metaspace       used 69824K, capacity 71678K, committed 71936K, reserved 1112064K
  class space    used 7809K, capacity 8398K, committed 8448K, reserved 1048576K
}

Deoptimization events (10 events):
Event: 107.322 Thread 0x0000000017d1d800 Uncommon trap: reason=class_check action=maybe_recompile pc=0x000000000415279c method=sun.reflect.generics.factory.CoreReflectionFactory.getDeclsLoader()Ljava/lang/ClassLoader; @ 25
Event: 108.873 Thread 0x0000000017d1d800 Uncommon trap: reason=unreached action=reinterpret pc=0x00000000040ebda8 method=org.springframework.util.ObjectUtils.nullSafeEquals(Ljava/lang/Object;Ljava/lang/Object;)Z @ 8
Event: 110.328 Thread 0x0000000017d1d800 Uncommon trap: reason=unreached action=reinterpret pc=0x0000000003d29974 method=org.springsource.loaded.ri.ReflectiveInterceptor.jlrMethodInvoke(Ljava/lang/reflect/Method;Ljava/lang/Object;[Ljava/lang/Object;)Ljava/lang/Object; @ 482
Event: 110.696 Thread 0x0000000017d1d800 Uncommon trap: reason=unreached action=reinterpret pc=0x0000000002f17b28 method=org.codehaus.groovy.runtime.metaclass.MetaMethodIndex.isNonRealMethod(Lgroovy/lang/MetaMethod;)Z @ 32
Event: 111.754 Thread 0x0000000017d1d800 Uncommon trap: reason=null_check action=make_not_entrant pc=0x00000000041b0290 method=org.springframework.util.ClassUtils.isAssignable(Ljava/lang/Class;Ljava/lang/Class;)Z @ 16
Event: 111.870 Thread 0x0000000017d1d800 Uncommon trap: reason=class_check action=maybe_recompile pc=0x0000000003e7e7e0 method=sun.reflect.generics.factory.CoreReflectionFactory.findTypeVariable(Ljava/lang/String;)Ljava/lang/reflect/TypeVariable; @ 5
Event: 111.870 Thread 0x0000000017d1d800 Uncommon trap: reason=class_check action=maybe_recompile pc=0x0000000003f71254 method=sun.reflect.generics.scope.AbstractScope.lookup(Ljava/lang/String;)Ljava/lang/reflect/TypeVariable; @ 60
Event: 111.870 Thread 0x0000000017d1d800 Uncommon trap: reason=class_check action=maybe_recompile pc=0x0000000003f71254 method=sun.reflect.generics.scope.AbstractScope.lookup(Ljava/lang/String;)Ljava/lang/reflect/TypeVariable; @ 60
Event: 112.965 Thread 0x0000000017d1d800 Uncommon trap: reason=class_check action=maybe_recompile pc=0x0000000003f71254 method=sun.reflect.generics.scope.AbstractScope.lookup(Ljava/lang/String;)Ljava/lang/reflect/TypeVariable; @ 60
Event: 112.978 Thread 0x0000000017d1d800 Uncommon trap: reason=class_check action=maybe_recompile pc=0x0000000003f71254 method=sun.reflect.generics.scope.AbstractScope.lookup(Ljava/lang/String;)Ljava/lang/reflect/TypeVariable; @ 60

Internal exceptions (10 events):
Event: 123.076 Thread 0x0000000017d1d800 Exception <a 'java/security/PrivilegedActionException'> (0x00000000f1d32b10) thrown at [D:\re\workspace\8-2-build-windows-amd64-cygwin\jdk8\2238\hotspot\src\share\vm\prims\jvm.cpp, line 1248]
Event: 123.077 Thread 0x0000000017d1d800 Exception <a 'java/security/PrivilegedActionException'> (0x00000000f1d36db0) thrown at [D:\re\workspace\8-2-build-windows-amd64-cygwin\jdk8\2238\hotspot\src\share\vm\prims\jvm.cpp, line 1248]
Event: 123.078 Thread 0x0000000017d1d800 Exception <a 'java/security/PrivilegedActionException'> (0x00000000f1d3ffd8) thrown at [D:\re\workspace\8-2-build-windows-amd64-cygwin\jdk8\2238\hotspot\src\share\vm\prims\jvm.cpp, line 1248]
Event: 123.078 Thread 0x0000000017d1d800 Exception <a 'java/security/PrivilegedActionException'> (0x00000000f1d43258) thrown at [D:\re\workspace\8-2-build-windows-amd64-cygwin\jdk8\2238\hotspot\src\share\vm\prims\jvm.cpp, line 1248]
Event: 123.079 Thread 0x0000000017d1d800 Exception <a 'java/security/PrivilegedActionException'> (0x00000000f1d4a460) thrown at [D:\re\workspace\8-2-build-windows-amd64-cygwin\jdk8\2238\hotspot\src\share\vm\prims\jvm.cpp, line 1248]
Event: 123.079 Thread 0x0000000017d1d800 Exception <a 'java/security/PrivilegedActionException'> (0x00000000f1d4d6e0) thrown at [D:\re\workspace\8-2-build-windows-amd64-cygwin\jdk8\2238\hotspot\src\share\vm\prims\jvm.cpp, line 1248]
Event: 123.082 Thread 0x0000000017d1d800 Exception <a 'java/security/PrivilegedActionException'> (0x00000000f1d7e6e8) thrown at [D:\re\workspace\8-2-build-windows-amd64-cygwin\jdk8\2238\hotspot\src\share\vm\prims\jvm.cpp, line 1248]
Event: 123.082 Thread 0x0000000017d1d800 Exception <a 'java/security/PrivilegedActionException'> (0x00000000f3094bf8) thrown at [D:\re\workspace\8-2-build-windows-amd64-cygwin\jdk8\2238\hotspot\src\share\vm\prims\jvm.cpp, line 1248]
Event: 123.089 Thread 0x0000000017d1d800 Exception <a 'java/security/PrivilegedActionException'> (0x00000000f3127b68) thrown at [D:\re\workspace\8-2-build-windows-amd64-cygwin\jdk8\2238\hotspot\src\share\vm\prims\jvm.cpp, line 1248]
Event: 123.090 Thread 0x0000000017d1d800 Exception <a 'java/security/PrivilegedActionException'> (0x00000000f312b348) thrown at [D:\re\workspace\8-2-build-windows-amd64-cygwin\jdk8\2238\hotspot\src\share\vm\prims\jvm.cpp, line 1248]

Events (10 events):
Event: 123.079 loading class org/springframework/cglib/core/EmitUtils$12
Event: 123.079 loading class org/springframework/cglib/core/EmitUtils$12 done
Event: 123.082 loading class org/springframework/cglib/reflect/FastClassEmitter$4
Event: 123.082 loading class org/springframework/cglib/reflect/FastClassEmitter$4 done
Event: 123.089 loading class org/springframework/cglib/reflect/FastClassEmitter$2
Event: 123.089 loading class org/springframework/cglib/reflect/FastClassEmitter$2 done
Event: 123.094 Thread 0x0000000017d1d800 DEOPT PACKING pc=0x00000000040677f8 sp=0x0000000019e7cfa0
Event: 123.094 Thread 0x0000000017d1d800 DEOPT UNPACKING pc=0x0000000002cf7204 sp=0x0000000019e7cd28 mode 0
Event: 123.095 Thread 0x0000000017d1d800 DEOPT PACKING pc=0x000000000406b9a9 sp=0x0000000019e7d060
Event: 123.095 Thread 0x0000000017d1d800 DEOPT UNPACKING pc=0x0000000002cf7204 sp=0x0000000019e7cdb8 mode 0


Dynamic libraries:
0x00007ff6b85a0000 - 0x00007ff6b85d4000 	C:\Program Files\Java\jdk1.8.0\bin\java.exe
0x00007ff878110000 - 0x00007ff8782bc000 	C:\WINDOWS\SYSTEM32\ntdll.dll
0x00007ff876ab0000 - 0x00007ff876bee000 	C:\WINDOWS\system32\KERNEL32.DLL
0x00007ff8753e0000 - 0x00007ff8754f5000 	C:\WINDOWS\system32\KERNELBASE.dll
0x00007ff873e00000 - 0x00007ff873e8e000 	C:\WINDOWS\system32\apphelp.dll
0x00007ff867760000 - 0x00007ff8677b3000 	C:\WINDOWS\AppPatch\AppPatch64\AcGenral.DLL
0x00007ff875d20000 - 0x00007ff875dca000 	C:\WINDOWS\system32\msvcrt.dll
0x00007ff875030000 - 0x00007ff87505e000 	C:\WINDOWS\SYSTEM32\SspiCli.dll
0x00007ff875bc0000 - 0x00007ff875c14000 	C:\WINDOWS\system32\SHLWAPI.dll
0x00007ff876910000 - 0x00007ff876a87000 	C:\WINDOWS\system32\USER32.dll
0x00007ff876130000 - 0x00007ff8762c4000 	C:\WINDOWS\system32\ole32.dll
0x00007ff876bf0000 - 0x00007ff878108000 	C:\WINDOWS\system32\SHELL32.dll
0x00007ff8747e0000 - 0x00007ff874801000 	C:\WINDOWS\SYSTEM32\USERENV.dll
0x00007ff8762d0000 - 0x00007ff87637a000 	C:\WINDOWS\system32\ADVAPI32.dll
0x00007ff869e60000 - 0x00007ff869e7e000 	C:\WINDOWS\SYSTEM32\MPR.dll
0x00007ff875a60000 - 0x00007ff875ba1000 	C:\WINDOWS\system32\RPCRT4.dll
0x00007ff875c80000 - 0x00007ff875cd9000 	C:\WINDOWS\SYSTEM32\sechost.dll
0x00007ff876540000 - 0x00007ff876751000 	C:\WINDOWS\SYSTEM32\combase.dll
0x00007ff875dd0000 - 0x00007ff875f21000 	C:\WINDOWS\system32\GDI32.dll
0x00007ff875260000 - 0x00007ff875275000 	C:\WINDOWS\SYSTEM32\profapi.dll
0x00007ff8733d0000 - 0x00007ff873482000 	C:\WINDOWS\SYSTEM32\SHCORE.dll
0x00007ff875ce0000 - 0x00007ff875d16000 	C:\WINDOWS\system32\IMM32.DLL
0x00007ff876380000 - 0x00007ff8764d2000 	C:\WINDOWS\system32\MSCTF.dll
0x00007ff871d00000 - 0x00007ff871f7b000 	C:\WINDOWS\WinSxS\amd64_microsoft.windows.common-controls_6595b64144ccf1df_6.0.9600.17415_none_6240486fecbd8abb\COMCTL32.dll
0x0000000065900000 - 0x00000000659d2000 	C:\Program Files\Java\jdk1.8.0\jre\bin\msvcr100.dll
0x00000000650d0000 - 0x00000000658fa000 	C:\Program Files\Java\jdk1.8.0\jre\bin\server\jvm.dll
0x00007ff86daa0000 - 0x00007ff86daa9000 	C:\WINDOWS\SYSTEM32\WSOCK32.dll
0x00007ff870c90000 - 0x00007ff870cb2000 	C:\WINDOWS\SYSTEM32\WINMM.dll
0x00007ff875790000 - 0x00007ff875797000 	C:\WINDOWS\system32\PSAPI.DLL
0x00007ff8764e0000 - 0x00007ff87653a000 	C:\WINDOWS\system32\WS2_32.dll
0x00007ff870c50000 - 0x00007ff870c7a000 	C:\WINDOWS\SYSTEM32\WINMMBASE.dll
0x00007ff875bb0000 - 0x00007ff875bb9000 	C:\WINDOWS\system32\NSI.dll
0x00007ff875330000 - 0x00007ff87537f000 	C:\WINDOWS\SYSTEM32\cfgmgr32.dll
0x00007ff874070000 - 0x00007ff874098000 	C:\WINDOWS\SYSTEM32\DEVOBJ.dll
0x00000000650c0000 - 0x00000000650cf000 	C:\Program Files\Java\jdk1.8.0\jre\bin\verify.dll
0x0000000065090000 - 0x00000000650b8000 	C:\Program Files\Java\jdk1.8.0\jre\bin\java.dll
0x0000000065060000 - 0x0000000065083000 	C:\Program Files\Java\jdk1.8.0\jre\bin\instrument.dll
0x0000000065040000 - 0x0000000065056000 	C:\Program Files\Java\jdk1.8.0\jre\bin\zip.dll
0x00007ff874bd0000 - 0x00007ff874bf0000 	C:\WINDOWS\SYSTEM32\CRYPTSP.dll
0x00007ff8746f0000 - 0x00007ff874726000 	C:\WINDOWS\system32\rsaenh.dll
0x00007ff874d20000 - 0x00007ff874d46000 	C:\WINDOWS\SYSTEM32\bcrypt.dll
0x00007ff875060000 - 0x00007ff8750c3000 	C:\WINDOWS\system32\bcryptprimitives.dll
0x00007ff8751d0000 - 0x00007ff8751db000 	C:\WINDOWS\SYSTEM32\CRYPTBASE.dll
0x0000000065020000 - 0x000000006503a000 	C:\Program Files\Java\jdk1.8.0\jre\bin\net.dll
0x00007ff874a50000 - 0x00007ff874aa9000 	C:\WINDOWS\system32\mswsock.dll
0x00007ff86a3a0000 - 0x00007ff86a3b5000 	C:\WINDOWS\system32\napinsp.dll
0x00007ff86a8f0000 - 0x00007ff86a90a000 	C:\WINDOWS\system32\pnrpnsp.dll
0x00007ff870070000 - 0x00007ff87008b000 	C:\WINDOWS\system32\NLAapi.dll
0x00007ff874850000 - 0x00007ff8748f4000 	C:\WINDOWS\SYSTEM32\DNSAPI.dll
0x00007ff86b370000 - 0x00007ff86b37d000 	C:\WINDOWS\System32\winrnr.dll
0x00007ff86ad00000 - 0x00007ff86ad0a000 	C:\Windows\System32\rasadhlp.dll
0x00007ff86f390000 - 0x00007ff86f3ba000 	C:\WINDOWS\SYSTEM32\IPHLPAPI.DLL
0x00007ff86f370000 - 0x00007ff86f37a000 	C:\WINDOWS\SYSTEM32\WINNSI.DLL
0x00007ff86ef00000 - 0x00007ff86ef6b000 	C:\WINDOWS\System32\fwpuclnt.dll
0x0000000065000000 - 0x0000000065011000 	C:\Program Files\Java\jdk1.8.0\jre\bin\nio.dll
0x00007ff86eb30000 - 0x00007ff86eb3a000 	C:\Users\main\AppData\Local\Temp\jansi-64-1985244627188733006.dll
0x0000000064fb0000 - 0x0000000064fbd000 	C:\Program Files\Java\jdk1.8.0\jre\bin\management.dll
0x00007ff86f760000 - 0x00007ff86f8e9000 	C:\WINDOWS\SYSTEM32\dbghelp.dll

VM Arguments:
jvm_args: -Dfile.encoding=UTF-8 -Xmx768M -Xms64M -Dgrails.fork.parent.process.port=2633 -Dgrails.fork.active=true -Dgrails.build.execution.context=C:\Users\main\AppData\Local\Temp\restorator3888588000472948785grails-execution-context -Dgrails.home=C:\grails\grails-2.4.3 -javaagent:C:\grails\grails-2.4.3\lib\org.springframework\springloaded\jars\springloaded-1.2.0.RELEASE.jar -Xverify:none -Dspringloaded.synchronize=true -Djdk.reflect.allowGetCallerClass=true -Dspringloaded=profile=grails;cacheDir=C:\Users\main\.grails\2.4.3 
java_command: org.grails.plugins.tomcat.fork.ForkedTomcatServer
java_class_path (initial): C:\Program Files\Java\jdk1.8.0\lib\tools.jar;C:\grails\grails-2.4.3\lib\org.codehaus.groovy\groovy-all\jars\groovy-all-2.3.6.jar;C:\grails\grails-2.4.3\lib\org.slf4j\jcl-over-slf4j\jars\jcl-over-slf4j-1.7.5.jar;C:\grails\grails-2.4.3\lib\org.codehaus.gant\gant_groovy1.8\jars\gant_groovy1.8-1.9.6.jar;C:\grails\grails-2.4.3\lib\org.apache.tomcat.embed\tomcat-embed-logging-log4j\jars\tomcat-embed-logging-log4j-7.0.50.jar;C:\grails\grails-2.4.3\dist\grails-plugin-log4j-2.4.3.jar;C:\grails\grails-2.4.3\lib\log4j\log4j\jars\log4j-1.2.17.jar;C:\grails\grails-2.4.3\dist\grails-bootstrap-2.4.3.jar;C:\grails\grails-2.4.3\lib\org.slf4j\slf4j-api\jars\slf4j-api-1.7.5.jar;C:\grails\grails-2.4.3\lib\jline\jline\jars\jline-2.12.jar;C:\grails\grails-2.4.3\lib\org.apache.ant\ant\jars\ant-1.8.4.jar;C:\grails\grails-2.4.3\lib\org.apache.ant\ant-launcher\jars\ant-launcher-1.8.4.jar;C:\grails\grails-2.4.3\lib\org.apache.ant\ant-trax\jars\ant-trax-1.7.1.jar;C:\grails\grails-2.4.3\lib\org.apache.ant\ant-junit\jars\ant-junit-1.8.4.jar;C:\grails\grails-2.4.3\lib\org.apache.ivy\ivy\jars\ivy-2.3.0.jar;C:\grails\grails-2.4.3\lib\org.fusesource.jansi\jansi\jars\jansi-1.11.jar;C:\Users\main\.m2\repository\org\apache\tomcat\tomcat-catalina-ant\7.0.55\tomcat-catalina-ant-7.0.55.jar;C:\Users\main\.m2\repository\org\apache\tomcat\embed\tomcat-embed-jasper\7.0.55\tomcat-embed-jasper-7.0.55.jar;C:\Users\main\.m2\repository\org\apache\tomcat\embed\tomcat-embed-el\7.0.55\tomcat-embed-el-7.0.55.jar;C:\Users\main\.m2\repository\org\apache\tomcat\embed\tomcat-embed-logging-log4j\7.0.55\tomcat-embed-logging-log4j-7.0.55.jar;C:\Users\main\.m2\repository\org\apache\tomcat\embed\tomcat-embed-websocket\7.0.55\tomcat-embed-websocket-7.0.55.jar;C:\Users\main\.m2\repository\org\apache\tomcat\embed\tomcat-embed-core\7.0.55\tomcat-embed-core-7.0.55.jar;C:\Users\main\.m2\repository\org\eclipse\jdt\core\compiler\ecj\3.7.2\ecj-3.7.2.jar;C:\grails\restorator\target\work\plugins\tomcat-7.0.55
Launcher Type: SUN_STANDARD

Environment Variables:
JAVA_HOME=C:\Program Files\Java\jdk1.8.0
PATH=C:/Program Files/Java/jre1.8.0_25/bin/server;C:/Program Files/Java/jre1.8.0_25/bin;C:/Program Files/Java/jre1.8.0_25/lib/amd64;C:\Program Files (x86)\NVIDIA Corporation\PhysX\Common;C:\ProgramData\Oracle\Java\javapath;C:\Program Files (x86)\Borland\Delphi7\Bin;C:\Program Files (x86)\Borland\Delphi7\Projects\Bpl\;C:\Program Files (x86)\CollabNet;C:\Program Files (x86)\Embarcadero\RAD Studio\12.0\bin;C:\Users\main\Documents\RAD Studio\12.0\Bpl;C:\Program Files (x86)\Embarcadero\RAD Studio\12.0\bin64;C:\Users\main\Documents\RAD Studio\12.0\Bpl\Win64;C:\WINDOWS\system32;C:\WINDOWS;C:\WINDOWS\System32\Wbem;C:\WINDOWS\System32\WindowsPowerShell\v1.0\;C:\Program Files (x86)\Windows Kits\8.1\Windows Performance Toolkit\;C:\Program Files\Microsoft SQL Server\110\Tools\Binn\;c:\Program Files (x86)\Microsoft SQL Server\100\Tools\Binn\;c:\Program Files\Microsoft SQL Server\100\Tools\Binn\;c:\Program Files\Microsoft SQL Server\100\DTS\Binn\;C:\Program Files\Microsoft SQL Server\120\Tools\Binn\;C:\Program Files (x86)\Microsoft SDKs\TypeScript\1.0\;C:\Program Files\Microsoft\Web Platform Installer\;C:\Program Files\Common Files\Autodesk Shared\;C:\Program Files (x86)\Autodesk\Backburner\;C:\Program Files (x86)\nodejs\;C:\Program Files\Java\jdk1.8.0\bin;C:\grails\grails-2.4.4\bin;C:\usr\local\php5\ext;C:\WebServers\usr\local\php5;C:\ProgramData\ComposerSetup\bin;C:\Program Files (x86)\Skype\Phone\;C:\sdk\glut;C:\Users\main\AppData\Roaming\npm;C:\grails\ggts\ggts-3.6.2.RELEASE;
USERNAME=main
OS=Windows_NT
PROCESSOR_IDENTIFIER=AMD64 Family 15 Model 107 Stepping 2, AuthenticAMD



---------------  S Y S T E M  ---------------

OS: Windows 8.1 , 64 bit Build 9600 

CPU:total 2 (2 cores per cpu, 1 threads per core) family 15 model 107 stepping 2, cmov, cx8, fxsr, mmx, sse, sse2, sse3, mmxext, 3dnowpref, tsc

Memory: 4k page, physical 4192756k(140620k free), swap 7207412k(2087560k free)

vm_info: Java HotSpot(TM) 64-Bit Server VM (25.0-b70) for windows-amd64 JRE (1.8.0-b132), built on Mar  4 2014 03:46:18 by "java_re" with MS VC++ 10.0 (VS2010)

time: Sat May 02 13:01:52 2015
elapsed time: 124 seconds

