#
# A fatal error has been detected by the Java Runtime Environment:
#
#  EXCEPTION_ACCESS_VIOLATION (0xc0000005) at pc=0x0000000050714be2, pid=3168, tid=10340
#
# JRE version: Java(TM) SE Runtime Environment (8.0-b132) (build 1.8.0-b132)
# Java VM: Java HotSpot(TM) 64-Bit Server VM (25.0-b70 mixed mode windows-amd64 compressed oops)
# Problematic frame:
# V  [jvm.dll+0x424be2]
#
# Failed to write core dump. Minidumps are not enabled by default on client versions of Windows
#
# If you would like to submit a bug report, please visit:
#   http://bugreport.sun.com/bugreport/crash.jsp
#

---------------  T H R E A D  ---------------

Current thread (0x000000001581f800):  JavaThread "C2 CompilerThread0" daemon [_thread_in_native, id=10340, stack(0x0000000015b80000,0x0000000015c80000)]

siginfo: ExceptionCode=0xc0000005, reading address 0x0000000000000000

Registers:
RAX=0x00000000186cb678, RBX=0x0000000000000600, RCX=0x0000000000000000, RDX=0x0000000017b3ff70
RSP=0x0000000015c7c4c0, RBP=0x00000000000000c0, RSI=0x00000000000000b8, RDI=0x0000000000000000
R8 =0x00000000502f0000, R9 =0x0000000015c7c7e0, R10=0x00000000ffffffff, R11=0x0000000015808580
R12=0x00000000186cbd80, R13=0x000000001b2667d8, R14=0x0000000000000008, R15=0x000000001b2667d8
RIP=0x0000000050714be2, EFLAGS=0x0000000000010206

Top of Stack: (sp=0x0000000015c7c4c0)
0x0000000015c7c4c0:   00000000000000da 0000000017b3bbb0
0x0000000015c7c4d0:   0000000017b407b0 0000000017b3bbb0
0x0000000015c7c4e0:   0000000000000001 0000000000000600
0x0000000015c7c4f0:   0000000000000180 00000000000000c0
0x0000000015c7c500:   0000000015a73ad0 000000001581e4d0
0x0000000015c7c510:   00000000000006c8 0000000017b3bbb0
0x0000000015c7c520:   0000000015c7c7e0 00000000186c8810
0x0000000015c7c530:   0000000000000020 0000000000000009
0x0000000015c7c540:   00000000186cbd50 00000000000000da
0x0000000015c7c550:   000000001b2667d8 00000000507157bd
0x0000000015c7c560:   00000000186cbd50 000000000000001c
0x0000000015c7c570:   00000000000000da 0000000015c7c7e0
0x0000000015c7c580:   0000000017b3ff70 00000000000000da
0x0000000015c7c590:   00000000186c8810 0000000000000020
0x0000000015c7c5a0:   000000001ae76960 0000000015c7eb50
0x0000000015c7c5b0:   000000001ae76f90 00000000186cbd50 

Instructions: (pc=0x0000000050714be2)
0x0000000050714bc2:   c6 48 63 f0 48 03 f1 eb 04 48 83 ce ff 48 8b 84
0x0000000050714bd2:   24 a0 00 00 00 48 8b 40 08 48 8b 3c 03 48 8b cf
0x0000000050714be2:   48 8b 07 ff 50 28 4c 8d 05 11 b4 bd ff 48 63 50
0x0000000050714bf2:   10 4c 8b d8 48 8b ca 48 c1 e1 05 42 80 bc 01 c0 


Register to memory mapping:

RAX=0x00000000186cb678 is an unknown value
RBX=0x0000000000000600 is an unknown value
RCX=0x0000000000000000 is an unknown value
RDX=0x0000000017b3ff70 is an unknown value
RSP=0x0000000015c7c4c0 is pointing into the stack for thread: 0x000000001581f800
RBP=0x00000000000000c0 is an unknown value
RSI=0x00000000000000b8 is an unknown value
RDI=0x0000000000000000 is an unknown value
R8 =0x00000000502f0000 is an unknown value
R9 =0x0000000015c7c7e0 is pointing into the stack for thread: 0x000000001581f800
R10=0x00000000ffffffff is an unknown value
R11=0x0000000015808580 is an unknown value
R12=0x00000000186cbd80 is an unknown value
R13=0x000000001b2667d8 is an unknown value
R14=0x0000000000000008 is an unknown value
R15=0x000000001b2667d8 is an unknown value


Stack: [0x0000000015b80000,0x0000000015c80000],  sp=0x0000000015c7c4c0,  free space=1009k
Native frames: (J=compiled Java code, j=interpreted, Vv=VM code, C=native code)
V  [jvm.dll+0x424be2]
V  [jvm.dll+0x4257bd]
V  [jvm.dll+0x425cff]
V  [jvm.dll+0x4c5844]
V  [jvm.dll+0x44125c]
V  [jvm.dll+0x4436c9]
V  [jvm.dll+0x427552]
V  [jvm.dll+0x96732]
V  [jvm.dll+0x96f23]
V  [jvm.dll+0x2232e4]
V  [jvm.dll+0x27baea]
C  [msvcr100.dll+0x21d9f]
C  [msvcr100.dll+0x21e3b]
C  [KERNEL32.DLL+0x13d2]
C  [ntdll.dll+0x6e954]


Current CompileTask:
C2: 105813 6318       4       groovy.lang.MetaClassImpl::findPropertyMethod (356 bytes)


---------------  P R O C E S S  ---------------

Java Threads: ( => current thread )
  0x000000001737e000 JavaThread "restorator.auth.Authority.data" daemon [_thread_blocked, id=10932, stack(0x000000001d130000,0x000000001d230000)]
  0x000000001737d800 JavaThread "net.sf.ehcache.CacheManager@609bc14a" daemon [_thread_blocked, id=10356, stack(0x000000001bce0000,0x000000001bde0000)]
  0x0000000017656800 JavaThread "Abandoned connection cleanup thread" daemon [_thread_blocked, id=7084, stack(0x000000001ce30000,0x000000001cf30000)]
  0x0000000016239800 JavaThread "PoolCleaner[778720569:1430507866717]" daemon [_thread_blocked, id=2612, stack(0x000000001c040000,0x000000001c140000)]
  0x0000000017069000 JavaThread "FileSystemWatcher: files=#206 cl=groovy.lang.GroovyClassLoader@2e6a5539" daemon [_thread_blocked, id=600, stack(0x0000000019fb0000,0x000000001a0b0000)]
  0x0000000018df1800 JavaThread "localhost-startStop-1" daemon [_thread_in_native, id=5092, stack(0x0000000019c20000,0x0000000019d20000)]
  0x0000000018df0800 JavaThread "Tomcat-startStop-1" daemon [_thread_blocked, id=7120, stack(0x00000000195c0000,0x00000000196c0000)]
  0x0000000017248000 JavaThread "Thread-3" [_thread_in_native, id=10660, stack(0x0000000018420000,0x0000000018520000)]
  0x00000000171cf000 JavaThread "Thread-2" [_thread_blocked, id=6936, stack(0x0000000019720000,0x0000000019820000)]
  0x0000000016015800 JavaThread "NonBlockingInputStreamThread" daemon [_thread_blocked, id=2468, stack(0x0000000016d50000,0x0000000016e50000)]
  0x0000000015900800 JavaThread "Service Thread" daemon [_thread_blocked, id=4120, stack(0x0000000015d80000,0x0000000015e80000)]
  0x0000000015811000 JavaThread "C1 CompilerThread1" daemon [_thread_blocked, id=9156, stack(0x0000000015c80000,0x0000000015d80000)]
=>0x000000001581f800 JavaThread "C2 CompilerThread0" daemon [_thread_in_native, id=10340, stack(0x0000000015b80000,0x0000000015c80000)]
  0x000000001483c000 JavaThread "Attach Listener" daemon [_thread_blocked, id=6940, stack(0x0000000015680000,0x0000000015780000)]
  0x000000001483b000 JavaThread "Signal Dispatcher" daemon [_thread_blocked, id=7072, stack(0x0000000015580000,0x0000000015680000)]
  0x0000000002cfe000 JavaThread "Finalizer" daemon [_thread_blocked, id=2096, stack(0x0000000015480000,0x0000000015580000)]
  0x0000000002cfa800 JavaThread "Reference Handler" daemon [_thread_blocked, id=5012, stack(0x0000000015380000,0x0000000015480000)]
  0x0000000002c13000 JavaThread "main" [_thread_blocked, id=8448, stack(0x0000000002900000,0x0000000002a00000)]

Other Threads:
  0x0000000014805800 VMThread [stack: 0x0000000015280000,0x0000000015380000] [id=5828]
  0x0000000015904800 WatcherThread [stack: 0x0000000015e80000,0x0000000015f80000] [id=7320]

VM state:not at safepoint (normal execution)

VM Mutex/Monitor currently owned by a thread: None

Heap:
 PSYoungGen      total 219648K, used 216570K [0x00000000f0000000, 0x0000000100000000, 0x0000000100000000)
  eden space 177152K, 98% used [0x00000000f0000000,0x00000000faa25208,0x00000000fad00000)
  from space 42496K, 99% used [0x00000000fad00000,0x00000000fd6598f0,0x00000000fd680000)
  to   space 42496K, 0% used [0x00000000fd680000,0x00000000fd680000,0x0000000100000000)
 ParOldGen       total 91648K, used 79693K [0x00000000d0000000, 0x00000000d5980000, 0x00000000f0000000)
  object space 91648K, 86% used [0x00000000d0000000,0x00000000d4dd3648,0x00000000d5980000)
 Metaspace       used 66800K, capacity 68586K, committed 68808K, reserved 1110016K
  class space    used 7369K, capacity 7880K, committed 7936K, reserved 1048576K

Card table byte_map: [0x00000000120d0000,0x0000000012260000] byte_map_base: 0x0000000011a50000

Marking Bits: (ParMarkBitMap*) 0x0000000050aa13b0
 Begin Bits: [0x0000000012560000, 0x0000000013160000)
 End Bits:   [0x0000000013160000, 0x0000000013d60000)

Polling page: 0x0000000002830000

CodeCache: size=245760Kb used=20258Kb max_used=20258Kb free=225501Kb
 bounds [0x0000000002d10000, 0x00000000040f0000, 0x0000000011d10000]
 total_blobs=6479 nmethods=5710 adapters=680
 compilation: enabled

Compilation events (10 events):
Event: 103.260 Thread 0x0000000015811000 6535       2       org.codehaus.groovy.grails.commons.GrailsArrayUtils::subarray (124 bytes)
Event: 103.261 Thread 0x0000000015811000 nmethod 6535 0x00000000040a52d0 code [0x00000000040a5460, 0x00000000040a5748]
Event: 103.464 Thread 0x0000000015811000 6537       2       org.codehaus.groovy.runtime.metaclass.ReflectionMetaMethod::getModifiers (8 bytes)
Event: 103.464 Thread 0x0000000015811000 nmethod 6537 0x00000000040a4f50 code [0x00000000040a50a0, 0x00000000040a51f0]
Event: 103.555 Thread 0x000000001581f800 nmethod 6283 0x00000000040d4890 code [0x00000000040d4ea0, 0x00000000040dd730]
Event: 103.555 Thread 0x000000001581f800 6534       4       org.codehaus.groovy.runtime.metaclass.MetaMethodIndex::isMatchingMethod (68 bytes)
Event: 103.558 Thread 0x000000001581f800 nmethod 6534 0x00000000040a0f10 code [0x00000000040a1060, 0x00000000040a1198]
Event: 103.558 Thread 0x000000001581f800 6318       4       groovy.lang.MetaClassImpl::findPropertyMethod (356 bytes)
Event: 103.705 Thread 0x0000000015811000 6539       2       org.codehaus.groovy.runtime.callsite.CallSiteGenerator::isCompilable (39 bytes)
Event: 103.705 Thread 0x0000000015811000 nmethod 6539 0x00000000040a2710 code [0x00000000040a2880, 0x00000000040a2a28]

GC Heap History (10 events):
Event: 84.408 GC heap before
{Heap before GC invocations=67 (full 6):
 PSYoungGen      total 229376K, used 214183K [0x00000000f0000000, 0x00000000ffc00000, 0x0000000100000000)
  eden space 202752K, 100% used [0x00000000f0000000,0x00000000fc600000,0x00000000fc600000)
  from space 26624K, 42% used [0x00000000fe200000,0x00000000fed29cf0,0x00000000ffc00000)
  to   space 27648K, 0% used [0x00000000fc600000,0x00000000fc600000,0x00000000fe100000)
 ParOldGen       total 91648K, used 77340K [0x00000000d0000000, 0x00000000d5980000, 0x00000000f0000000)
  object space 91648K, 84% used [0x00000000d0000000,0x00000000d4b87318,0x00000000d5980000)
 Metaspace       used 60682K, capacity 62308K, committed 62664K, reserved 1105920K
  class space    used 6564K, capacity 7051K, committed 7168K, reserved 1048576K
Event: 84.555 GC heap after
Heap after GC invocations=67 (full 6):
 PSYoungGen      total 230400K, used 18303K [0x00000000f0000000, 0x0000000100000000, 0x0000000100000000)
  eden space 202752K, 0% used [0x00000000f0000000,0x00000000f0000000,0x00000000fc600000)
  from space 27648K, 66% used [0x00000000fc600000,0x00000000fd7dfee8,0x00000000fe100000)
  to   space 29184K, 0% used [0x00000000fe380000,0x00000000fe380000,0x0000000100000000)
 ParOldGen       total 91648K, used 77348K [0x00000000d0000000, 0x00000000d5980000, 0x00000000f0000000)
  object space 91648K, 84% used [0x00000000d0000000,0x00000000d4b89318,0x00000000d5980000)
 Metaspace       used 60682K, capacity 62308K, committed 62664K, reserved 1105920K
  class space    used 6564K, capacity 7051K, committed 7168K, reserved 1048576K
}
Event: 87.927 GC heap before
{Heap before GC invocations=68 (full 6):
 PSYoungGen      total 230400K, used 214918K [0x00000000f0000000, 0x0000000100000000, 0x0000000100000000)
  eden space 202752K, 96% used [0x00000000f0000000,0x00000000fc001ca0,0x00000000fc600000)
  from space 27648K, 66% used [0x00000000fc600000,0x00000000fd7dfee8,0x00000000fe100000)
  to   space 29184K, 0% used [0x00000000fe380000,0x00000000fe380000,0x0000000100000000)
 ParOldGen       total 91648K, used 77348K [0x00000000d0000000, 0x00000000d5980000, 0x00000000f0000000)
  object space 91648K, 84% used [0x00000000d0000000,0x00000000d4b89318,0x00000000d5980000)
 Metaspace       used 62063K, capacity 63632K, committed 64072K, reserved 1105920K
  class space    used 6724K, capacity 7214K, committed 7296K, reserved 1048576K
Event: 88.095 GC heap after
Heap after GC invocations=68 (full 6):
 PSYoungGen      total 227840K, used 22459K [0x00000000f0000000, 0x0000000100000000, 0x0000000100000000)
  eden space 198656K, 0% used [0x00000000f0000000,0x00000000f0000000,0x00000000fc200000)
  from space 29184K, 76% used [0x00000000fe380000,0x00000000ff96ee68,0x0000000100000000)
  to   space 31744K, 0% used [0x00000000fc200000,0x00000000fc200000,0x00000000fe100000)
 ParOldGen       total 91648K, used 77348K [0x00000000d0000000, 0x00000000d5980000, 0x00000000f0000000)
  object space 91648K, 84% used [0x00000000d0000000,0x00000000d4b89318,0x00000000d5980000)
 Metaspace       used 62063K, capacity 63632K, committed 64072K, reserved 1105920K
  class space    used 6724K, capacity 7214K, committed 7296K, reserved 1048576K
}
Event: 92.806 GC heap before
{Heap before GC invocations=69 (full 6):
 PSYoungGen      total 227840K, used 221115K [0x00000000f0000000, 0x0000000100000000, 0x0000000100000000)
  eden space 198656K, 100% used [0x00000000f0000000,0x00000000fc200000,0x00000000fc200000)
  from space 29184K, 76% used [0x00000000fe380000,0x00000000ff96ee68,0x0000000100000000)
  to   space 31744K, 0% used [0x00000000fc200000,0x00000000fc200000,0x00000000fe100000)
 ParOldGen       total 91648K, used 77348K [0x00000000d0000000, 0x00000000d5980000, 0x00000000f0000000)
  object space 91648K, 84% used [0x00000000d0000000,0x00000000d4b89318,0x00000000d5980000)
 Metaspace       used 63039K, capacity 64604K, committed 64840K, reserved 1107968K
  class space    used 6806K, capacity 7280K, committed 7296K, reserved 1048576K
Event: 92.914 GC heap after
Heap after GC invocations=69 (full 6):
 PSYoungGen      total 227328K, used 28575K [0x00000000f0000000, 0x0000000100000000, 0x0000000100000000)
  eden space 198656K, 0% used [0x00000000f0000000,0x00000000f0000000,0x00000000fc200000)
  from space 28672K, 99% used [0x00000000fc200000,0x00000000fdde7e80,0x00000000fde00000)
  to   space 34816K, 0% used [0x00000000fde00000,0x00000000fde00000,0x0000000100000000)
 ParOldGen       total 91648K, used 77356K [0x00000000d0000000, 0x00000000d5980000, 0x00000000f0000000)
  object space 91648K, 84% used [0x00000000d0000000,0x00000000d4b8b318,0x00000000d5980000)
 Metaspace       used 63039K, capacity 64604K, committed 64840K, reserved 1107968K
  class space    used 6806K, capacity 7280K, committed 7296K, reserved 1048576K
}
Event: 96.849 GC heap before
{Heap before GC invocations=70 (full 6):
 PSYoungGen      total 227328K, used 226755K [0x00000000f0000000, 0x0000000100000000, 0x0000000100000000)
  eden space 198656K, 99% used [0x00000000f0000000,0x00000000fc189120,0x00000000fc200000)
  from space 28672K, 99% used [0x00000000fc200000,0x00000000fdde7e80,0x00000000fde00000)
  to   space 34816K, 0% used [0x00000000fde00000,0x00000000fde00000,0x0000000100000000)
 ParOldGen       total 91648K, used 77356K [0x00000000d0000000, 0x00000000d5980000, 0x00000000f0000000)
  object space 91648K, 84% used [0x00000000d0000000,0x00000000d4b8b318,0x00000000d5980000)
 Metaspace       used 64712K, capacity 66350K, committed 66760K, reserved 1107968K
  class space    used 7074K, capacity 7564K, committed 7680K, reserved 1048576K
Event: 97.090 GC heap after
Heap after GC invocations=70 (full 6):
 PSYoungGen      total 211968K, used 34807K [0x00000000f0000000, 0x0000000100000000, 0x0000000100000000)
  eden space 177152K, 0% used [0x00000000f0000000,0x00000000f0000000,0x00000000fad00000)
  from space 34816K, 99% used [0x00000000fde00000,0x00000000ffffde40,0x0000000100000000)
  to   space 42496K, 0% used [0x00000000fad00000,0x00000000fad00000,0x00000000fd680000)
 ParOldGen       total 91648K, used 79693K [0x00000000d0000000, 0x00000000d5980000, 0x00000000f0000000)
  object space 91648K, 86% used [0x00000000d0000000,0x00000000d4dd3648,0x00000000d5980000)
 Metaspace       used 64712K, capacity 66350K, committed 66760K, reserved 1107968K
  class space    used 7074K, capacity 7564K, committed 7680K, reserved 1048576K
}
Event: 100.267 GC heap before
{Heap before GC invocations=71 (full 6):
 PSYoungGen      total 211968K, used 211959K [0x00000000f0000000, 0x0000000100000000, 0x0000000100000000)
  eden space 177152K, 100% used [0x00000000f0000000,0x00000000fad00000,0x00000000fad00000)
  from space 34816K, 99% used [0x00000000fde00000,0x00000000ffffde40,0x0000000100000000)
  to   space 42496K, 0% used [0x00000000fad00000,0x00000000fad00000,0x00000000fd680000)
 ParOldGen       total 91648K, used 79693K [0x00000000d0000000, 0x00000000d5980000, 0x00000000f0000000)
  object space 91648K, 86% used [0x00000000d0000000,0x00000000d4dd3648,0x00000000d5980000)
 Metaspace       used 65925K, capacity 67630K, committed 67912K, reserved 1110016K
  class space    used 7239K, capacity 7737K, committed 7808K, reserved 1048576K
Event: 100.510 GC heap after
Heap after GC invocations=71 (full 6):
 PSYoungGen      total 219648K, used 42342K [0x00000000f0000000, 0x0000000100000000, 0x0000000100000000)
  eden space 177152K, 0% used [0x00000000f0000000,0x00000000f0000000,0x00000000fad00000)
  from space 42496K, 99% used [0x00000000fad00000,0x00000000fd6598f0,0x00000000fd680000)
  to   space 42496K, 0% used [0x00000000fd680000,0x00000000fd680000,0x0000000100000000)
 ParOldGen       total 91648K, used 79693K [0x00000000d0000000, 0x00000000d5980000, 0x00000000f0000000)
  object space 91648K, 86% used [0x00000000d0000000,0x00000000d4dd3648,0x00000000d5980000)
 Metaspace       used 65925K, capacity 67630K, committed 67912K, reserved 1110016K
  class space    used 7239K, capacity 7737K, committed 7808K, reserved 1048576K
}

Deoptimization events (10 events):
Event: 78.682 Thread 0x0000000018df1800 Uncommon trap: reason=class_check action=maybe_recompile pc=0x0000000002f64fdc method=org.springframework.core.ResolvableType.getSource()Ljava/lang/Object; @ 11
Event: 78.682 Thread 0x0000000018df1800 Uncommon trap: reason=class_check action=maybe_recompile pc=0x0000000002f64fdc method=org.springframework.core.ResolvableType.getSource()Ljava/lang/Object; @ 11
Event: 78.713 Thread 0x0000000018df1800 Uncommon trap: reason=class_check action=maybe_recompile pc=0x0000000002f64fc0 method=org.springframework.core.ResolvableType.getSource()Ljava/lang/Object; @ 11
Event: 78.713 Thread 0x0000000018df1800 Uncommon trap: reason=class_check action=maybe_recompile pc=0x0000000002f64fc0 method=org.springframework.core.ResolvableType.getSource()Ljava/lang/Object; @ 11
Event: 79.002 Thread 0x0000000018df1800 Uncommon trap: reason=unreached action=reinterpret pc=0x0000000003dc25dc method=java.lang.reflect.Method.equals(Ljava/lang/Object;)Z @ 1
Event: 82.222 Thread 0x0000000018df1800 Uncommon trap: reason=bimorphic action=maybe_recompile pc=0x0000000003ddb2d0 method=org.codehaus.groovy.runtime.metaclass.MetaMethodIndex.addMethodToList(Ljava/lang/Object;Lgroovy/lang/MetaMethod;)Ljava/lang/Object; @ 97
Event: 82.222 Thread 0x0000000018df1800 Uncommon trap: reason=bimorphic action=maybe_recompile pc=0x0000000003ddb2d0 method=org.codehaus.groovy.runtime.metaclass.MetaMethodIndex.addMethodToList(Ljava/lang/Object;Lgroovy/lang/MetaMethod;)Ljava/lang/Object; @ 97
Event: 89.020 Thread 0x0000000018df1800 Uncommon trap: reason=unreached action=reinterpret pc=0x0000000003dbeec0 method=org.springframework.util.ObjectUtils.nullSafeEquals(Ljava/lang/Object;Ljava/lang/Object;)Z @ 12
Event: 96.075 Thread 0x0000000018df1800 Uncommon trap: reason=bimorphic action=maybe_recompile pc=0x0000000003a54f14 method=com.sun.org.apache.xerces.internal.impl.XMLDocumentFragmentScannerImpl.scanEndElement()I @ 142
Event: 96.075 Thread 0x0000000018df1800 Uncommon trap: reason=bimorphic action=maybe_recompile pc=0x0000000003a54f14 method=com.sun.org.apache.xerces.internal.impl.XMLDocumentFragmentScannerImpl.scanEndElement()I @ 142

Internal exceptions (10 events):
Event: 103.816 Thread 0x0000000018df1800 Exception <a 'java/security/PrivilegedActionException'> (0x00000000f664a778) thrown at [D:\re\workspace\8-2-build-windows-amd64-cygwin\jdk8\2238\hotspot\src\share\vm\prims\jvm.cpp, line 1248]
Event: 103.816 Thread 0x0000000018df1800 Exception <a 'java/security/PrivilegedActionException'> (0x00000000f6650818) thrown at [D:\re\workspace\8-2-build-windows-amd64-cygwin\jdk8\2238\hotspot\src\share\vm\prims\jvm.cpp, line 1248]
Event: 103.817 Thread 0x0000000018df1800 Exception <a 'java/security/PrivilegedActionException'> (0x00000000f6668240) thrown at [D:\re\workspace\8-2-build-windows-amd64-cygwin\jdk8\2238\hotspot\src\share\vm\prims\jvm.cpp, line 1248]
Event: 103.818 Thread 0x0000000018df1800 Exception <a 'java/security/PrivilegedActionException'> (0x00000000f6685cf0) thrown at [D:\re\workspace\8-2-build-windows-amd64-cygwin\jdk8\2238\hotspot\src\share\vm\prims\jvm.cpp, line 1248]
Event: 103.818 Thread 0x0000000018df1800 Exception <a 'java/security/PrivilegedActionException'> (0x00000000f668bd90) thrown at [D:\re\workspace\8-2-build-windows-amd64-cygwin\jdk8\2238\hotspot\src\share\vm\prims\jvm.cpp, line 1248]
Event: 103.819 Thread 0x0000000018df1800 Exception <a 'java/security/PrivilegedActionException'> (0x00000000f66a37b8) thrown at [D:\re\workspace\8-2-build-windows-amd64-cygwin\jdk8\2238\hotspot\src\share\vm\prims\jvm.cpp, line 1248]
Event: 103.821 Thread 0x0000000018df1800 Exception <a 'java/security/PrivilegedActionException'> (0x00000000f66d7ab0) thrown at [D:\re\workspace\8-2-build-windows-amd64-cygwin\jdk8\2238\hotspot\src\share\vm\prims\jvm.cpp, line 1248]
Event: 103.821 Thread 0x0000000018df1800 Exception <a 'java/lang/ClassNotFoundException': grails/plugin/jodatime/converters/JodaConverters$_registerJsonAndXmlMarshallers_closure1_closure4Customizer> (0x00000000f66d8a38) thrown at [D:\re\workspace\8-2-build-windows-amd64-cygwin\jdk8\2238\hotspot\sGoâ—ôY@
Event: 103.822 Thread 0x0000000018df1800 Exception <a 'java/security/PrivilegedActionException'> (0x00000000f66e5088) thrown at [D:\re\workspace\8-2-build-windows-amd64-cygwin\jdk8\2238\hotspot\src\share\vm\prims\jvm.cpp, line 1248]
Event: 103.822 Thread 0x0000000018df1800 Exception <a 'java/security/PrivilegedActionException'> (0x00000000f66ea7a8) thrown at [D:\re\workspace\8-2-build-windows-amd64-cygwin\jdk8\2238\hotspot\src\share\vm\prims\jvm.cpp, line 1248]

Events (10 events):
Event: 103.815 loading class grails/plugin/jodatime/converters/JodaConverters$_registerJsonAndXmlMarshallers_closure1_closure4BeanInfo
Event: 103.815 loading class grails/plugin/jodatime/converters/JodaConverters$_registerJsonAndXmlMarshallers_closure1_closure4BeanInfo done
Event: 103.816 loading class grails/plugin/jodatime/converters/JodaConverters$_registerJsonAndXmlMarshallers_closure1_closure4Customizer
Event: 103.816 loading class grails/plugin/jodatime/converters/JodaConverters$_registerJsonAndXmlMarshallers_closure1_closure4Customizer done
Event: 103.818 loading class grails/plugin/jodatime/converters/JodaConverters$_registerJsonAndXmlMarshallers_closure1_closure4Customizer
Event: 103.818 loading class grails/plugin/jodatime/converters/JodaConverters$_registerJsonAndXmlMarshallers_closure1_closure4Customizer done
Event: 103.821 loading class grails/plugin/jodatime/converters/JodaConverters$_registerJsonAndXmlMarshallers_closure1_closure4Customizer
Event: 103.821 loading class grails/plugin/jodatime/converters/JodaConverters$_registerJsonAndXmlMarshallers_closure1_closure4Customizer done
Event: 103.822 loading class grails/plugin/jodatime/converters/JodaConverters$_registerJsonAndXmlMarshallers_closure1_closure5
Event: 103.822 loading class grails/plugin/jodatime/converters/JodaConverters$_registerJsonAndXmlMarshallers_closure1_closure5 done


Dynamic libraries:
0x00007ff6f0440000 - 0x00007ff6f0474000 	C:\Program Files\Java\jdk1.8.0\bin\java.exe
0x00007ffd1b7b0000 - 0x00007ffd1b95c000 	C:\WINDOWS\SYSTEM32\ntdll.dll
0x00007ffd19250000 - 0x00007ffd1938e000 	C:\WINDOWS\system32\KERNEL32.DLL
0x00007ffd18cc0000 - 0x00007ffd18dd5000 	C:\WINDOWS\system32\KERNELBASE.dll
0x00007ffd17460000 - 0x00007ffd174ee000 	C:\WINDOWS\system32\apphelp.dll
0x00007ffd14940000 - 0x00007ffd14993000 	C:\WINDOWS\AppPatch\AppPatch64\AcGenral.DLL
0x00007ffd19660000 - 0x00007ffd1970a000 	C:\WINDOWS\system32\msvcrt.dll
0x00007ffd186d0000 - 0x00007ffd186fe000 	C:\WINDOWS\SYSTEM32\SspiCli.dll
0x00007ffd19920000 - 0x00007ffd19974000 	C:\WINDOWS\system32\SHLWAPI.dll
0x00007ffd19b30000 - 0x00007ffd19ca7000 	C:\WINDOWS\system32\USER32.dll
0x00007ffd194c0000 - 0x00007ffd19654000 	C:\WINDOWS\system32\ole32.dll
0x00007ffd19cb0000 - 0x00007ffd1b1c8000 	C:\WINDOWS\system32\SHELL32.dll
0x00007ffd17ea0000 - 0x00007ffd17ec1000 	C:\WINDOWS\SYSTEM32\USERENV.dll
0x00007ffd19870000 - 0x00007ffd1991a000 	C:\WINDOWS\system32\ADVAPI32.dll
0x00007ffd10850000 - 0x00007ffd1086e000 	C:\WINDOWS\SYSTEM32\MPR.dll
0x00007ffd19710000 - 0x00007ffd19851000 	C:\WINDOWS\system32\RPCRT4.dll
0x00007ffd19390000 - 0x00007ffd193e9000 	C:\WINDOWS\SYSTEM32\sechost.dll
0x00007ffd19030000 - 0x00007ffd19241000 	C:\WINDOWS\SYSTEM32\combase.dll
0x00007ffd1b3b0000 - 0x00007ffd1b501000 	C:\WINDOWS\system32\GDI32.dll
0x00007ffd18900000 - 0x00007ffd18915000 	C:\WINDOWS\SYSTEM32\profapi.dll
0x00007ffd16c70000 - 0x00007ffd16d22000 	C:\WINDOWS\SYSTEM32\SHCORE.dll
0x00007ffd18ff0000 - 0x00007ffd19026000 	C:\WINDOWS\system32\IMM32.DLL
0x00007ffd18e30000 - 0x00007ffd18f81000 	C:\WINDOWS\system32\MSCTF.dll
0x00007ffd15360000 - 0x00007ffd155db000 	C:\WINDOWS\WinSxS\amd64_microsoft.windows.common-controls_6595b64144ccf1df_6.0.9600.17415_none_6240486fecbd8abb\COMCTL32.dll
0x0000000050b20000 - 0x0000000050bf2000 	C:\Program Files\Java\jdk1.8.0\jre\bin\msvcr100.dll
0x00000000502f0000 - 0x0000000050b1a000 	C:\Program Files\Java\jdk1.8.0\jre\bin\server\jvm.dll
0x00007ffd0c9d0000 - 0x00007ffd0c9d9000 	C:\WINDOWS\SYSTEM32\WSOCK32.dll
0x00007ffd14350000 - 0x00007ffd14372000 	C:\WINDOWS\SYSTEM32\WINMM.dll
0x00007ffd1b5f0000 - 0x00007ffd1b5f7000 	C:\WINDOWS\system32\PSAPI.DLL
0x00007ffd18f90000 - 0x00007ffd18fea000 	C:\WINDOWS\system32\WS2_32.dll
0x00007ffd14310000 - 0x00007ffd1433a000 	C:\WINDOWS\SYSTEM32\WINMMBASE.dll
0x00007ffd1b600000 - 0x00007ffd1b609000 	C:\WINDOWS\system32\NSI.dll
0x00007ffd18de0000 - 0x00007ffd18e2f000 	C:\WINDOWS\SYSTEM32\cfgmgr32.dll
0x00007ffd176d0000 - 0x00007ffd176f8000 	C:\WINDOWS\SYSTEM32\DEVOBJ.dll
0x00000000502e0000 - 0x00000000502ef000 	C:\Program Files\Java\jdk1.8.0\jre\bin\verify.dll
0x00000000502b0000 - 0x00000000502d8000 	C:\Program Files\Java\jdk1.8.0\jre\bin\java.dll
0x0000000050280000 - 0x00000000502a3000 	C:\Program Files\Java\jdk1.8.0\jre\bin\instrument.dll
0x0000000050260000 - 0x0000000050276000 	C:\Program Files\Java\jdk1.8.0\jre\bin\zip.dll
0x00007ffd18170000 - 0x00007ffd18190000 	C:\WINDOWS\SYSTEM32\CRYPTSP.dll
0x00007ffd17d90000 - 0x00007ffd17dc6000 	C:\WINDOWS\system32\rsaenh.dll
0x00007ffd183c0000 - 0x00007ffd183e6000 	C:\WINDOWS\SYSTEM32\bcrypt.dll
0x00007ffd18700000 - 0x00007ffd18763000 	C:\WINDOWS\system32\bcryptprimitives.dll
0x00007ffd18770000 - 0x00007ffd1877b000 	C:\WINDOWS\SYSTEM32\CRYPTBASE.dll
0x0000000050240000 - 0x000000005025a000 	C:\Program Files\Java\jdk1.8.0\jre\bin\net.dll
0x00007ffd18110000 - 0x00007ffd18169000 	C:\WINDOWS\system32\mswsock.dll
0x00007ffd11510000 - 0x00007ffd11525000 	C:\WINDOWS\system32\napinsp.dll
0x00007ffd11d00000 - 0x00007ffd11d1a000 	C:\WINDOWS\system32\pnrpnsp.dll
0x00007ffd13390000 - 0x00007ffd133ab000 	C:\WINDOWS\system32\NLAapi.dll
0x00007ffd17f10000 - 0x00007ffd17fb4000 	C:\WINDOWS\SYSTEM32\DNSAPI.dll
0x00007ffd13750000 - 0x00007ffd1375d000 	C:\WINDOWS\System32\winrnr.dll
0x00007ffd0b480000 - 0x00007ffd0b48a000 	C:\Windows\System32\rasadhlp.dll
0x00007ffd12c70000 - 0x00007ffd12c9a000 	C:\WINDOWS\SYSTEM32\IPHLPAPI.DLL
0x00007ffd12c50000 - 0x00007ffd12c5a000 	C:\WINDOWS\SYSTEM32\WINNSI.DLL
0x00007ffd126f0000 - 0x00007ffd1275b000 	C:\WINDOWS\System32\fwpuclnt.dll
0x0000000050220000 - 0x0000000050231000 	C:\Program Files\Java\jdk1.8.0\jre\bin\nio.dll
0x00007ffd17590000 - 0x00007ffd1759a000 	C:\Users\main\AppData\Local\Temp\jansi-64-564614681335984963.dll
0x00000000501d0000 - 0x00000000501dd000 	C:\Program Files\Java\jdk1.8.0\jre\bin\management.dll
0x00007ffd04ca0000 - 0x00007ffd04e2a000 	C:\WINDOWS\SYSTEM32\dbghelp.dll

VM Arguments:
jvm_args: -Dfile.encoding=UTF-8 -Xmx768M -Xms64M -Dgrails.fork.parent.process.port=48365 -Dgrails.fork.active=true -Dgrails.build.execution.context=C:\Users\main\AppData\Local\Temp\restorator3208062131962182565grails-execution-context -Dgrails.home=C:\grails\grails-2.4.3 -javaagent:C:\grails\grails-2.4.3\lib\org.springframework\springloaded\jars\springloaded-1.2.0.RELEASE.jar -Xverify:none -Dspringloaded.synchronize=true -Djdk.reflect.allowGetCallerClass=true -Dspringloaded=profile=grails;cacheDir=C:\Users\main\.grails\2.4.3 
java_command: org.grails.plugins.tomcat.fork.ForkedTomcatServer
java_class_path (initial): C:\Program Files\Java\jdk1.8.0\lib\tools.jar;C:\grails\grails-2.4.3\lib\org.codehaus.groovy\groovy-all\jars\groovy-all-2.3.6.jar;C:\grails\grails-2.4.3\lib\org.slf4j\jcl-over-slf4j\jars\jcl-over-slf4j-1.7.5.jar;C:\grails\grails-2.4.3\lib\org.codehaus.gant\gant_groovy1.8\jars\gant_groovy1.8-1.9.6.jar;C:\grails\grails-2.4.3\lib\org.apache.tomcat.embed\tomcat-embed-logging-log4j\jars\tomcat-embed-logging-log4j-7.0.50.jar;C:\grails\grails-2.4.3\dist\grails-plugin-log4j-2.4.3.jar;C:\grails\grails-2.4.3\lib\log4j\log4j\jars\log4j-1.2.17.jar;C:\grails\grails-2.4.3\dist\grails-bootstrap-2.4.3.jar;C:\grails\grails-2.4.3\lib\org.slf4j\slf4j-api\jars\slf4j-api-1.7.5.jar;C:\grails\grails-2.4.3\lib\jline\jline\jars\jline-2.12.jar;C:\grails\grails-2.4.3\lib\org.apache.ant\ant\jars\ant-1.8.4.jar;C:\grails\grails-2.4.3\lib\org.apache.ant\ant-launcher\jars\ant-launcher-1.8.4.jar;C:\grails\grails-2.4.3\lib\org.apache.ant\ant-trax\jars\ant-trax-1.7.1.jar;C:\grails\grails-2.4.3\lib\org.apache.ant\ant-junit\jars\ant-junit-1.8.4.jar;C:\grails\grails-2.4.3\lib\org.apache.ivy\ivy\jars\ivy-2.3.0.jar;C:\grails\grails-2.4.3\lib\org.fusesource.jansi\jansi\jars\jansi-1.11.jar;C:\Users\main\.m2\repository\org\apache\tomcat\tomcat-catalina-ant\7.0.55\tomcat-catalina-ant-7.0.55.jar;C:\Users\main\.m2\repository\org\apache\tomcat\embed\tomcat-embed-jasper\7.0.55\tomcat-embed-jasper-7.0.55.jar;C:\Users\main\.m2\repository\org\apache\tomcat\embed\tomcat-embed-el\7.0.55\tomcat-embed-el-7.0.55.jar;C:\Users\main\.m2\repository\org\apache\tomcat\embed\tomcat-embed-logging-log4j\7.0.55\tomcat-embed-logging-log4j-7.0.55.jar;C:\Users\main\.m2\repository\org\apache\tomcat\embed\tomcat-embed-websocket\7.0.55\tomcat-embed-websocket-7.0.55.jar;C:\Users\main\.m2\repository\org\apache\tomcat\embed\tomcat-embed-core\7.0.55\tomcat-embed-core-7.0.55.jar;C:\Users\main\.m2\repository\org\eclipse\jdt\core\compiler\ecj\3.7.2\ecj-3.7.2.jar;C:\grails\restorator\target\work\plugins\tomcat-7.0.55
Launcher Type: SUN_STANDARD

Environment Variables:
JAVA_HOME=C:\Program Files\Java\jdk1.8.0
PATH=C:/Program Files/Java/jre1.8.0_25/bin/server;C:/Program Files/Java/jre1.8.0_25/bin;C:/Program Files/Java/jre1.8.0_25/lib/amd64;C:\Program Files (x86)\NVIDIA Corporation\PhysX\Common;C:\ProgramData\Oracle\Java\javapath;C:\Program Files (x86)\Borland\Delphi7\Bin;C:\Program Files (x86)\Borland\Delphi7\Projects\Bpl\;C:\Program Files (x86)\CollabNet;C:\Program Files (x86)\Embarcadero\RAD Studio\12.0\bin;C:\Users\main\Documents\RAD Studio\12.0\Bpl;C:\Program Files (x86)\Embarcadero\RAD Studio\12.0\bin64;C:\Users\main\Documents\RAD Studio\12.0\Bpl\Win64;C:\WINDOWS\system32;C:\WINDOWS;C:\WINDOWS\System32\Wbem;C:\WINDOWS\System32\WindowsPowerShell\v1.0\;C:\Program Files (x86)\Windows Kits\8.1\Windows Performance Toolkit\;C:\Program Files\Microsoft SQL Server\110\Tools\Binn\;c:\Program Files (x86)\Microsoft SQL Server\100\Tools\Binn\;c:\Program Files\Microsoft SQL Server\100\Tools\Binn\;c:\Program Files\Microsoft SQL Server\100\DTS\Binn\;C:\Program Files\Microsoft SQL Server\120\Tools\Binn\;C:\Program Files (x86)\Microsoft SDKs\TypeScript\1.0\;C:\Program Files\Microsoft\Web Platform Installer\;C:\Program Files\Common Files\Autodesk Shared\;C:\Program Files (x86)\Autodesk\Backburner\;C:\Program Files (x86)\nodejs\;C:\Program Files\Java\jdk1.8.0\bin;C:\grails\grails-2.4.4\bin;C:\usr\local\php5\ext;C:\WebServers\usr\local\php5;C:\ProgramData\ComposerSetup\bin;C:\sdk\glut;C:\Users\main\AppData\Roaming\npm;C:\grails\ggts\ggts-3.6.2.RELEASE;
USERNAME=main
OS=Windows_NT
PROCESSOR_IDENTIFIER=AMD64 Family 15 Model 107 Stepping 2, AuthenticAMD



---------------  S Y S T E M  ---------------

OS: Windows 8.1 , 64 bit Build 9600 

CPU:total 2 (2 cores per cpu, 1 threads per core) family 15 model 107 stepping 2, cmov, cx8, fxsr, mmx, sse, sse2, sse3, mmxext, 3dnowpref, tsc

Memory: 4k page, physical 4192756k(552840k free), swap 7207412k(1454612k free)

vm_info: Java HotSpot(TM) 64-Bit Server VM (25.0-b70) for windows-amd64 JRE (1.8.0-b132), built on Mar  4 2014 03:46:18 by "java_re" with MS VC++ 10.0 (VS2010)

time: Fri May 01 22:18:31 2015
elapsed time: 105 seconds

